<?xml version="1.0" encoding="UTF-8"?>
<testsuite xmlns:xsi="http://www.w3.org/2001/XMLSchema-instance" xsi:noNamespaceSchemaLocation="https://maven.apache.org/surefire/maven-surefire-plugin/xsd/surefire-test-report.xsd" name="com.example.demo.DemoApplicationTests" time="15.847" tests="1" errors="0" skipped="0" failures="0">
  <properties>
    <property name="awt.toolkit" value="sun.awt.X11.XToolkit"/>
    <property name="file.encoding.pkg" value="sun.io"/>
    <property name="java.specification.version" value="1.8"/>
    <property name="sun.cpu.isalist" value=""/>
    <property name="sun.jnu.encoding" value="UTF-8"/>
    <property name="java.class.path" value="/home/jungwoonlee/stackdriver/trace-service-one/target/test-classes:/home/jungwoonlee/stackdriver/trace-service-one/target/classes:/root/.m2/repository/org/springframework/boot/spring-boot-starter-web/2.0.1.RELEASE/spring-boot-starter-web-2.0.1.RELEASE.jar:/root/.m2/repository/org/springframework/boot/spring-boot-starter/2.0.1.RELEASE/spring-boot-starter-2.0.1.RELEASE.jar:/root/.m2/repository/org/springframework/boot/spring-boot/2.0.1.RELEASE/spring-boot-2.0.1.RELEASE.jar:/root/.m2/repository/org/springframework/boot/spring-boot-autoconfigure/2.0.1.RELEASE/spring-boot-autoconfigure-2.0.1.RELEASE.jar:/root/.m2/repository/org/springframework/boot/spring-boot-starter-logging/2.0.1.RELEASE/spring-boot-starter-logging-2.0.1.RELEASE.jar:/root/.m2/repository/org/apache/logging/log4j/log4j-to-slf4j/2.10.0/log4j-to-slf4j-2.10.0.jar:/root/.m2/repository/org/apache/logging/log4j/log4j-api/2.10.0/log4j-api-2.10.0.jar:/root/.m2/repository/org/slf4j/jul-to-slf4j/1.7.25/jul-to-slf4j-1.7.25.jar:/root/.m2/repository/javax/annotation/javax.annotation-api/1.3.2/javax.annotation-api-1.3.2.jar:/root/.m2/repository/org/yaml/snakeyaml/1.19/snakeyaml-1.19.jar:/root/.m2/repository/org/springframework/boot/spring-boot-starter-json/2.0.1.RELEASE/spring-boot-starter-json-2.0.1.RELEASE.jar:/root/.m2/repository/com/fasterxml/jackson/core/jackson-databind/2.9.3/jackson-databind-2.9.3.jar:/root/.m2/repository/com/fasterxml/jackson/core/jackson-annotations/2.9.0/jackson-annotations-2.9.0.jar:/root/.m2/repository/com/fasterxml/jackson/core/jackson-core/2.9.3/jackson-core-2.9.3.jar:/root/.m2/repository/com/fasterxml/jackson/datatype/jackson-datatype-jdk8/2.9.3/jackson-datatype-jdk8-2.9.3.jar:/root/.m2/repository/com/fasterxml/jackson/datatype/jackson-datatype-jsr310/2.9.3/jackson-datatype-jsr310-2.9.3.jar:/root/.m2/repository/com/fasterxml/jackson/module/jackson-module-parameter-names/2.9.3/jackson-module-parameter-names-2.9.3.jar:/root/.m2/repository/org/springframework/boot/spring-boot-starter-tomcat/2.0.1.RELEASE/spring-boot-starter-tomcat-2.0.1.RELEASE.jar:/root/.m2/repository/org/apache/tomcat/embed/tomcat-embed-core/8.5.29/tomcat-embed-core-8.5.29.jar:/root/.m2/repository/org/apache/tomcat/embed/tomcat-embed-el/8.5.29/tomcat-embed-el-8.5.29.jar:/root/.m2/repository/org/apache/tomcat/embed/tomcat-embed-websocket/8.5.29/tomcat-embed-websocket-8.5.29.jar:/root/.m2/repository/org/hibernate/validator/hibernate-validator/6.0.9.Final/hibernate-validator-6.0.9.Final.jar:/root/.m2/repository/javax/validation/validation-api/2.0.1.Final/validation-api-2.0.1.Final.jar:/root/.m2/repository/org/jboss/logging/jboss-logging/3.3.2.Final/jboss-logging-3.3.2.Final.jar:/root/.m2/repository/com/fasterxml/classmate/1.3.4/classmate-1.3.4.jar:/root/.m2/repository/org/springframework/spring-web/5.0.5.RELEASE/spring-web-5.0.5.RELEASE.jar:/root/.m2/repository/org/springframework/spring-beans/5.0.5.RELEASE/spring-beans-5.0.5.RELEASE.jar:/root/.m2/repository/org/springframework/spring-webmvc/5.0.5.RELEASE/spring-webmvc-5.0.5.RELEASE.jar:/root/.m2/repository/org/springframework/spring-aop/5.0.5.RELEASE/spring-aop-5.0.5.RELEASE.jar:/root/.m2/repository/org/springframework/spring-context/5.0.5.RELEASE/spring-context-5.0.5.RELEASE.jar:/root/.m2/repository/org/springframework/spring-expression/5.0.5.RELEASE/spring-expression-5.0.5.RELEASE.jar:/root/.m2/repository/org/projectlombok/lombok/1.16.20/lombok-1.16.20.jar:/root/.m2/repository/org/springframework/boot/spring-boot-starter-test/2.0.1.RELEASE/spring-boot-starter-test-2.0.1.RELEASE.jar:/root/.m2/repository/org/springframework/boot/spring-boot-test/2.0.1.RELEASE/spring-boot-test-2.0.1.RELEASE.jar:/root/.m2/repository/org/springframework/boot/spring-boot-test-autoconfigure/2.0.1.RELEASE/spring-boot-test-autoconfigure-2.0.1.RELEASE.jar:/root/.m2/repository/com/jayway/jsonpath/json-path/2.4.0/json-path-2.4.0.jar:/root/.m2/repository/net/minidev/json-smart/2.3/json-smart-2.3.jar:/root/.m2/repository/net/minidev/accessors-smart/1.2/accessors-smart-1.2.jar:/root/.m2/repository/org/ow2/asm/asm/5.0.4/asm-5.0.4.jar:/root/.m2/repository/junit/junit/4.12/junit-4.12.jar:/root/.m2/repository/org/assertj/assertj-core/3.9.1/assertj-core-3.9.1.jar:/root/.m2/repository/org/mockito/mockito-core/2.15.0/mockito-core-2.15.0.jar:/root/.m2/repository/net/bytebuddy/byte-buddy/1.7.11/byte-buddy-1.7.11.jar:/root/.m2/repository/net/bytebuddy/byte-buddy-agent/1.7.11/byte-buddy-agent-1.7.11.jar:/root/.m2/repository/org/objenesis/objenesis/2.6/objenesis-2.6.jar:/root/.m2/repository/org/hamcrest/hamcrest-core/1.3/hamcrest-core-1.3.jar:/root/.m2/repository/org/hamcrest/hamcrest-library/1.3/hamcrest-library-1.3.jar:/root/.m2/repository/org/skyscreamer/jsonassert/1.5.0/jsonassert-1.5.0.jar:/root/.m2/repository/com/vaadin/external/google/android-json/0.0.20131108.vaadin1/android-json-0.0.20131108.vaadin1.jar:/root/.m2/repository/org/springframework/spring-core/5.0.5.RELEASE/spring-core-5.0.5.RELEASE.jar:/root/.m2/repository/org/springframework/spring-jcl/5.0.5.RELEASE/spring-jcl-5.0.5.RELEASE.jar:/root/.m2/repository/org/springframework/spring-test/5.0.5.RELEASE/spring-test-5.0.5.RELEASE.jar:/root/.m2/repository/org/xmlunit/xmlunit-core/2.5.1/xmlunit-core-2.5.1.jar:/root/.m2/repository/org/springframework/cloud/spring-cloud-gcp-starter/1.0.0.M3/spring-cloud-gcp-starter-1.0.0.M3.jar:/root/.m2/repository/org/springframework/cloud/spring-cloud-gcp-core/1.0.0.M3/spring-cloud-gcp-core-1.0.0.M3.jar:/root/.m2/repository/com/google/cloud/google-cloud-core/1.25.0/google-cloud-core-1.25.0.jar:/root/.m2/repository/joda-time/joda-time/2.9.9/joda-time-2.9.9.jar:/root/.m2/repository/com/google/http-client/google-http-client/1.23.0/google-http-client-1.23.0.jar:/root/.m2/repository/org/apache/httpcomponents/httpclient/4.5.5/httpclient-4.5.5.jar:/root/.m2/repository/org/apache/httpcomponents/httpcore/4.4.9/httpcore-4.4.9.jar:/root/.m2/repository/commons-codec/commons-codec/1.11/commons-codec-1.11.jar:/root/.m2/repository/com/google/protobuf/protobuf-java-util/3.5.1/protobuf-java-util-3.5.1.jar:/root/.m2/repository/com/google/code/gson/gson/2.8.2/gson-2.8.2.jar:/root/.m2/repository/com/google/api/grpc/proto-google-common-protos/1.7.0/proto-google-common-protos-1.7.0.jar:/root/.m2/repository/com/google/api/grpc/proto-google-iam-v1/0.8.0/proto-google-iam-v1-0.8.0.jar:/root/.m2/repository/org/springframework/cloud/spring-cloud-gcp-autoconfigure/1.0.0.M3/spring-cloud-gcp-autoconfigure-1.0.0.M3.jar:/root/.m2/repository/org/slf4j/slf4j-api/1.7.25/slf4j-api-1.7.25.jar:/root/.m2/repository/org/springframework/cloud/spring-cloud-gcp-starter-trace/1.0.0.M3/spring-cloud-gcp-starter-trace-1.0.0.M3.jar:/root/.m2/repository/org/springframework/cloud/spring-cloud-starter-sleuth/2.0.0.M9/spring-cloud-starter-sleuth-2.0.0.M9.jar:/root/.m2/repository/org/springframework/cloud/spring-cloud-starter/2.0.0.M9/spring-cloud-starter-2.0.0.M9.jar:/root/.m2/repository/org/springframework/cloud/spring-cloud-context/2.0.0.M9/spring-cloud-context-2.0.0.M9.jar:/root/.m2/repository/org/springframework/security/spring-security-crypto/5.0.4.RELEASE/spring-security-crypto-5.0.4.RELEASE.jar:/root/.m2/repository/org/springframework/cloud/spring-cloud-commons/2.0.0.M9/spring-cloud-commons-2.0.0.M9.jar:/root/.m2/repository/org/springframework/security/spring-security-rsa/1.0.5.RELEASE/spring-security-rsa-1.0.5.RELEASE.jar:/root/.m2/repository/org/bouncycastle/bcpkix-jdk15on/1.56/bcpkix-jdk15on-1.56.jar:/root/.m2/repository/org/bouncycastle/bcprov-jdk15on/1.56/bcprov-jdk15on-1.56.jar:/root/.m2/repository/org/springframework/boot/spring-boot-starter-aop/2.0.1.RELEASE/spring-boot-starter-aop-2.0.1.RELEASE.jar:/root/.m2/repository/org/aspectj/aspectjweaver/1.8.13/aspectjweaver-1.8.13.jar:/root/.m2/repository/org/springframework/cloud/spring-cloud-sleuth-core/2.0.0.M9/spring-cloud-sleuth-core-2.0.0.M9.jar:/root/.m2/repository/org/aspectj/aspectjrt/1.8.13/aspectjrt-1.8.13.jar:/root/.m2/repository/io/zipkin/brave/brave/4.18.2/brave-4.18.2.jar:/root/.m2/repository/io/zipkin/zipkin2/zipkin/2.6.1/zipkin-2.6.1.jar:/root/.m2/repository/io/zipkin/reporter2/zipkin-reporter/2.5.0/zipkin-reporter-2.5.0.jar:/root/.m2/repository/io/zipkin/brave/brave-context-log4j2/4.18.2/brave-context-log4j2-4.18.2.jar:/root/.m2/repository/io/zipkin/brave/brave-instrumentation-spring-web/4.18.2/brave-instrumentation-spring-web-4.18.2.jar:/root/.m2/repository/io/zipkin/brave/brave-instrumentation-http/4.18.2/brave-instrumentation-http-4.18.2.jar:/root/.m2/repository/io/zipkin/brave/brave-instrumentation-spring-rabbit/4.18.2/brave-instrumentation-spring-rabbit-4.18.2.jar:/root/.m2/repository/io/zipkin/brave/brave-instrumentation-kafka-clients/4.18.2/brave-instrumentation-kafka-clients-4.18.2.jar:/root/.m2/repository/io/zipkin/brave/brave-instrumentation-httpclient/4.18.2/brave-instrumentation-httpclient-4.18.2.jar:/root/.m2/repository/io/zipkin/brave/brave-instrumentation-httpasyncclient/4.18.2/brave-instrumentation-httpasyncclient-4.18.2.jar:/root/.m2/repository/io/zipkin/brave/brave-instrumentation-spring-webmvc/4.18.2/brave-instrumentation-spring-webmvc-4.18.2.jar:/root/.m2/repository/io/zipkin/brave/brave-instrumentation-servlet/4.18.2/brave-instrumentation-servlet-4.18.2.jar:/root/.m2/repository/com/google/cloud/google-cloud-trace/0.43.0-beta/google-cloud-trace-0.43.0-beta.jar:/root/.m2/repository/com/google/cloud/google-cloud-core-grpc/1.25.0/google-cloud-core-grpc-1.25.0.jar:/root/.m2/repository/com/google/auth/google-auth-library-credentials/0.9.0/google-auth-library-credentials-0.9.0.jar:/root/.m2/repository/com/google/protobuf/protobuf-java/3.5.1/protobuf-java-3.5.1.jar:/root/.m2/repository/io/grpc/grpc-protobuf/1.10.1/grpc-protobuf-1.10.1.jar:/root/.m2/repository/io/grpc/grpc-protobuf-lite/1.10.1/grpc-protobuf-lite-1.10.1.jar:/root/.m2/repository/io/grpc/grpc-context/1.10.1/grpc-context-1.10.1.jar:/root/.m2/repository/com/google/api/gax-grpc/1.23.0/gax-grpc-1.23.0.jar:/root/.m2/repository/com/google/api/grpc/proto-google-cloud-trace-v1/0.8.0/proto-google-cloud-trace-v1-0.8.0.jar:/root/.m2/repository/com/google/api/grpc/proto-google-cloud-trace-v2/0.8.0/proto-google-cloud-trace-v2-0.8.0.jar:/root/.m2/repository/io/grpc/grpc-netty-shaded/1.10.1/grpc-netty-shaded-1.10.1.jar:/root/.m2/repository/io/grpc/grpc-core/1.10.1/grpc-core-1.10.1.jar:/root/.m2/repository/io/opencensus/opencensus-api/0.11.0/opencensus-api-0.11.0.jar:/root/.m2/repository/io/opencensus/opencensus-contrib-grpc-metrics/0.11.0/opencensus-contrib-grpc-metrics-0.11.0.jar:/root/.m2/repository/io/grpc/grpc-stub/1.10.1/grpc-stub-1.10.1.jar:/root/.m2/repository/io/grpc/grpc-auth/1.10.1/grpc-auth-1.10.1.jar:/root/.m2/repository/com/google/cloud/trace/v1/sink/0.5.0/sink-0.5.0.jar:/root/.m2/repository/com/google/cloud/trace/core/0.5.0/core-0.5.0.jar:/root/.m2/repository/com/google/cloud/trace/sdk-sink/0.5.0/sdk-sink-0.5.0.jar:/root/.m2/repository/com/google/api/gax/1.23.0/gax-1.23.0.jar:/root/.m2/repository/org/threeten/threetenbp/1.3.3/threetenbp-1.3.3.jar:/root/.m2/repository/com/google/auth/google-auth-library-oauth2-http/0.7.1/google-auth-library-oauth2-http-0.7.1.jar:/root/.m2/repository/com/google/http-client/google-http-client-jackson2/1.19.0/google-http-client-jackson2-1.19.0.jar:/root/.m2/repository/com/google/api/api-common/1.5.0/api-common-1.5.0.jar:/root/.m2/repository/org/springframework/cloud/spring-cloud-gcp-starter-logging/1.0.0.M3/spring-cloud-gcp-starter-logging-1.0.0.M3.jar:/root/.m2/repository/ch/qos/logback/contrib/logback-json-classic/0.1.5/logback-json-classic-0.1.5.jar:/root/.m2/repository/ch/qos/logback/logback-classic/1.2.3/logback-classic-1.2.3.jar:/root/.m2/repository/ch/qos/logback/logback-core/1.2.3/logback-core-1.2.3.jar:/root/.m2/repository/ch/qos/logback/contrib/logback-json-core/0.1.5/logback-json-core-0.1.5.jar:/root/.m2/repository/com/google/cloud/google-cloud-logging-logback/0.43.0-alpha/google-cloud-logging-logback-0.43.0-alpha.jar:/root/.m2/repository/com/google/cloud/google-cloud-logging/1.25.0/google-cloud-logging-1.25.0.jar:/root/.m2/repository/com/google/api/grpc/proto-google-cloud-logging-v2/0.8.0/proto-google-cloud-logging-v2-0.8.0.jar:/root/.m2/repository/com/google/guava/guava/23.0-rc1/guava-23.0-rc1.jar:/root/.m2/repository/com/google/code/findbugs/jsr305/1.3.9/jsr305-1.3.9.jar:/root/.m2/repository/com/google/errorprone/error_prone_annotations/2.0.18/error_prone_annotations-2.0.18.jar:/root/.m2/repository/com/google/j2objc/j2objc-annotations/1.1/j2objc-annotations-1.1.jar:/root/.m2/repository/org/codehaus/mojo/animal-sniffer-annotations/1.14/animal-sniffer-annotations-1.14.jar:"/>
    <property name="java.vm.vendor" value="Oracle Corporation"/>
    <property name="sun.arch.data.model" value="64"/>
    <property name="java.vendor.url" value="http://java.oracle.com/"/>
    <property name="user.timezone" value=""/>
    <property name="java.vm.specification.version" value="1.8"/>
    <property name="os.name" value="Linux"/>
    <property name="user.country" value="US"/>
    <property name="sun.java.launcher" value="SUN_STANDARD"/>
    <property name="sun.boot.library.path" value="/usr/lib/jvm/java-8-openjdk-amd64/jre/lib/amd64"/>
    <property name="sun.java.command" value="/home/jungwoonlee/stackdriver/trace-service-one/target/surefire/surefirebooter9013520123918812253.jar /home/jungwoonlee/stackdriver/trace-service-one/target/surefire 2018-07-05T01-56-21_972-jvmRun1 surefire92743037834321479tmp surefire_03424341492675219127tmp"/>
    <property name="surefire.test.class.path" value="/home/jungwoonlee/stackdriver/trace-service-one/target/test-classes:/home/jungwoonlee/stackdriver/trace-service-one/target/classes:/root/.m2/repository/org/springframework/boot/spring-boot-starter-web/2.0.1.RELEASE/spring-boot-starter-web-2.0.1.RELEASE.jar:/root/.m2/repository/org/springframework/boot/spring-boot-starter/2.0.1.RELEASE/spring-boot-starter-2.0.1.RELEASE.jar:/root/.m2/repository/org/springframework/boot/spring-boot/2.0.1.RELEASE/spring-boot-2.0.1.RELEASE.jar:/root/.m2/repository/org/springframework/boot/spring-boot-autoconfigure/2.0.1.RELEASE/spring-boot-autoconfigure-2.0.1.RELEASE.jar:/root/.m2/repository/org/springframework/boot/spring-boot-starter-logging/2.0.1.RELEASE/spring-boot-starter-logging-2.0.1.RELEASE.jar:/root/.m2/repository/org/apache/logging/log4j/log4j-to-slf4j/2.10.0/log4j-to-slf4j-2.10.0.jar:/root/.m2/repository/org/apache/logging/log4j/log4j-api/2.10.0/log4j-api-2.10.0.jar:/root/.m2/repository/org/slf4j/jul-to-slf4j/1.7.25/jul-to-slf4j-1.7.25.jar:/root/.m2/repository/javax/annotation/javax.annotation-api/1.3.2/javax.annotation-api-1.3.2.jar:/root/.m2/repository/org/yaml/snakeyaml/1.19/snakeyaml-1.19.jar:/root/.m2/repository/org/springframework/boot/spring-boot-starter-json/2.0.1.RELEASE/spring-boot-starter-json-2.0.1.RELEASE.jar:/root/.m2/repository/com/fasterxml/jackson/core/jackson-databind/2.9.3/jackson-databind-2.9.3.jar:/root/.m2/repository/com/fasterxml/jackson/core/jackson-annotations/2.9.0/jackson-annotations-2.9.0.jar:/root/.m2/repository/com/fasterxml/jackson/core/jackson-core/2.9.3/jackson-core-2.9.3.jar:/root/.m2/repository/com/fasterxml/jackson/datatype/jackson-datatype-jdk8/2.9.3/jackson-datatype-jdk8-2.9.3.jar:/root/.m2/repository/com/fasterxml/jackson/datatype/jackson-datatype-jsr310/2.9.3/jackson-datatype-jsr310-2.9.3.jar:/root/.m2/repository/com/fasterxml/jackson/module/jackson-module-parameter-names/2.9.3/jackson-module-parameter-names-2.9.3.jar:/root/.m2/repository/org/springframework/boot/spring-boot-starter-tomcat/2.0.1.RELEASE/spring-boot-starter-tomcat-2.0.1.RELEASE.jar:/root/.m2/repository/org/apache/tomcat/embed/tomcat-embed-core/8.5.29/tomcat-embed-core-8.5.29.jar:/root/.m2/repository/org/apache/tomcat/embed/tomcat-embed-el/8.5.29/tomcat-embed-el-8.5.29.jar:/root/.m2/repository/org/apache/tomcat/embed/tomcat-embed-websocket/8.5.29/tomcat-embed-websocket-8.5.29.jar:/root/.m2/repository/org/hibernate/validator/hibernate-validator/6.0.9.Final/hibernate-validator-6.0.9.Final.jar:/root/.m2/repository/javax/validation/validation-api/2.0.1.Final/validation-api-2.0.1.Final.jar:/root/.m2/repository/org/jboss/logging/jboss-logging/3.3.2.Final/jboss-logging-3.3.2.Final.jar:/root/.m2/repository/com/fasterxml/classmate/1.3.4/classmate-1.3.4.jar:/root/.m2/repository/org/springframework/spring-web/5.0.5.RELEASE/spring-web-5.0.5.RELEASE.jar:/root/.m2/repository/org/springframework/spring-beans/5.0.5.RELEASE/spring-beans-5.0.5.RELEASE.jar:/root/.m2/repository/org/springframework/spring-webmvc/5.0.5.RELEASE/spring-webmvc-5.0.5.RELEASE.jar:/root/.m2/repository/org/springframework/spring-aop/5.0.5.RELEASE/spring-aop-5.0.5.RELEASE.jar:/root/.m2/repository/org/springframework/spring-context/5.0.5.RELEASE/spring-context-5.0.5.RELEASE.jar:/root/.m2/repository/org/springframework/spring-expression/5.0.5.RELEASE/spring-expression-5.0.5.RELEASE.jar:/root/.m2/repository/org/projectlombok/lombok/1.16.20/lombok-1.16.20.jar:/root/.m2/repository/org/springframework/boot/spring-boot-starter-test/2.0.1.RELEASE/spring-boot-starter-test-2.0.1.RELEASE.jar:/root/.m2/repository/org/springframework/boot/spring-boot-test/2.0.1.RELEASE/spring-boot-test-2.0.1.RELEASE.jar:/root/.m2/repository/org/springframework/boot/spring-boot-test-autoconfigure/2.0.1.RELEASE/spring-boot-test-autoconfigure-2.0.1.RELEASE.jar:/root/.m2/repository/com/jayway/jsonpath/json-path/2.4.0/json-path-2.4.0.jar:/root/.m2/repository/net/minidev/json-smart/2.3/json-smart-2.3.jar:/root/.m2/repository/net/minidev/accessors-smart/1.2/accessors-smart-1.2.jar:/root/.m2/repository/org/ow2/asm/asm/5.0.4/asm-5.0.4.jar:/root/.m2/repository/junit/junit/4.12/junit-4.12.jar:/root/.m2/repository/org/assertj/assertj-core/3.9.1/assertj-core-3.9.1.jar:/root/.m2/repository/org/mockito/mockito-core/2.15.0/mockito-core-2.15.0.jar:/root/.m2/repository/net/bytebuddy/byte-buddy/1.7.11/byte-buddy-1.7.11.jar:/root/.m2/repository/net/bytebuddy/byte-buddy-agent/1.7.11/byte-buddy-agent-1.7.11.jar:/root/.m2/repository/org/objenesis/objenesis/2.6/objenesis-2.6.jar:/root/.m2/repository/org/hamcrest/hamcrest-core/1.3/hamcrest-core-1.3.jar:/root/.m2/repository/org/hamcrest/hamcrest-library/1.3/hamcrest-library-1.3.jar:/root/.m2/repository/org/skyscreamer/jsonassert/1.5.0/jsonassert-1.5.0.jar:/root/.m2/repository/com/vaadin/external/google/android-json/0.0.20131108.vaadin1/android-json-0.0.20131108.vaadin1.jar:/root/.m2/repository/org/springframework/spring-core/5.0.5.RELEASE/spring-core-5.0.5.RELEASE.jar:/root/.m2/repository/org/springframework/spring-jcl/5.0.5.RELEASE/spring-jcl-5.0.5.RELEASE.jar:/root/.m2/repository/org/springframework/spring-test/5.0.5.RELEASE/spring-test-5.0.5.RELEASE.jar:/root/.m2/repository/org/xmlunit/xmlunit-core/2.5.1/xmlunit-core-2.5.1.jar:/root/.m2/repository/org/springframework/cloud/spring-cloud-gcp-starter/1.0.0.M3/spring-cloud-gcp-starter-1.0.0.M3.jar:/root/.m2/repository/org/springframework/cloud/spring-cloud-gcp-core/1.0.0.M3/spring-cloud-gcp-core-1.0.0.M3.jar:/root/.m2/repository/com/google/cloud/google-cloud-core/1.25.0/google-cloud-core-1.25.0.jar:/root/.m2/repository/joda-time/joda-time/2.9.9/joda-time-2.9.9.jar:/root/.m2/repository/com/google/http-client/google-http-client/1.23.0/google-http-client-1.23.0.jar:/root/.m2/repository/org/apache/httpcomponents/httpclient/4.5.5/httpclient-4.5.5.jar:/root/.m2/repository/org/apache/httpcomponents/httpcore/4.4.9/httpcore-4.4.9.jar:/root/.m2/repository/commons-codec/commons-codec/1.11/commons-codec-1.11.jar:/root/.m2/repository/com/google/protobuf/protobuf-java-util/3.5.1/protobuf-java-util-3.5.1.jar:/root/.m2/repository/com/google/code/gson/gson/2.8.2/gson-2.8.2.jar:/root/.m2/repository/com/google/api/grpc/proto-google-common-protos/1.7.0/proto-google-common-protos-1.7.0.jar:/root/.m2/repository/com/google/api/grpc/proto-google-iam-v1/0.8.0/proto-google-iam-v1-0.8.0.jar:/root/.m2/repository/org/springframework/cloud/spring-cloud-gcp-autoconfigure/1.0.0.M3/spring-cloud-gcp-autoconfigure-1.0.0.M3.jar:/root/.m2/repository/org/slf4j/slf4j-api/1.7.25/slf4j-api-1.7.25.jar:/root/.m2/repository/org/springframework/cloud/spring-cloud-gcp-starter-trace/1.0.0.M3/spring-cloud-gcp-starter-trace-1.0.0.M3.jar:/root/.m2/repository/org/springframework/cloud/spring-cloud-starter-sleuth/2.0.0.M9/spring-cloud-starter-sleuth-2.0.0.M9.jar:/root/.m2/repository/org/springframework/cloud/spring-cloud-starter/2.0.0.M9/spring-cloud-starter-2.0.0.M9.jar:/root/.m2/repository/org/springframework/cloud/spring-cloud-context/2.0.0.M9/spring-cloud-context-2.0.0.M9.jar:/root/.m2/repository/org/springframework/security/spring-security-crypto/5.0.4.RELEASE/spring-security-crypto-5.0.4.RELEASE.jar:/root/.m2/repository/org/springframework/cloud/spring-cloud-commons/2.0.0.M9/spring-cloud-commons-2.0.0.M9.jar:/root/.m2/repository/org/springframework/security/spring-security-rsa/1.0.5.RELEASE/spring-security-rsa-1.0.5.RELEASE.jar:/root/.m2/repository/org/bouncycastle/bcpkix-jdk15on/1.56/bcpkix-jdk15on-1.56.jar:/root/.m2/repository/org/bouncycastle/bcprov-jdk15on/1.56/bcprov-jdk15on-1.56.jar:/root/.m2/repository/org/springframework/boot/spring-boot-starter-aop/2.0.1.RELEASE/spring-boot-starter-aop-2.0.1.RELEASE.jar:/root/.m2/repository/org/aspectj/aspectjweaver/1.8.13/aspectjweaver-1.8.13.jar:/root/.m2/repository/org/springframework/cloud/spring-cloud-sleuth-core/2.0.0.M9/spring-cloud-sleuth-core-2.0.0.M9.jar:/root/.m2/repository/org/aspectj/aspectjrt/1.8.13/aspectjrt-1.8.13.jar:/root/.m2/repository/io/zipkin/brave/brave/4.18.2/brave-4.18.2.jar:/root/.m2/repository/io/zipkin/zipkin2/zipkin/2.6.1/zipkin-2.6.1.jar:/root/.m2/repository/io/zipkin/reporter2/zipkin-reporter/2.5.0/zipkin-reporter-2.5.0.jar:/root/.m2/repository/io/zipkin/brave/brave-context-log4j2/4.18.2/brave-context-log4j2-4.18.2.jar:/root/.m2/repository/io/zipkin/brave/brave-instrumentation-spring-web/4.18.2/brave-instrumentation-spring-web-4.18.2.jar:/root/.m2/repository/io/zipkin/brave/brave-instrumentation-http/4.18.2/brave-instrumentation-http-4.18.2.jar:/root/.m2/repository/io/zipkin/brave/brave-instrumentation-spring-rabbit/4.18.2/brave-instrumentation-spring-rabbit-4.18.2.jar:/root/.m2/repository/io/zipkin/brave/brave-instrumentation-kafka-clients/4.18.2/brave-instrumentation-kafka-clients-4.18.2.jar:/root/.m2/repository/io/zipkin/brave/brave-instrumentation-httpclient/4.18.2/brave-instrumentation-httpclient-4.18.2.jar:/root/.m2/repository/io/zipkin/brave/brave-instrumentation-httpasyncclient/4.18.2/brave-instrumentation-httpasyncclient-4.18.2.jar:/root/.m2/repository/io/zipkin/brave/brave-instrumentation-spring-webmvc/4.18.2/brave-instrumentation-spring-webmvc-4.18.2.jar:/root/.m2/repository/io/zipkin/brave/brave-instrumentation-servlet/4.18.2/brave-instrumentation-servlet-4.18.2.jar:/root/.m2/repository/com/google/cloud/google-cloud-trace/0.43.0-beta/google-cloud-trace-0.43.0-beta.jar:/root/.m2/repository/com/google/cloud/google-cloud-core-grpc/1.25.0/google-cloud-core-grpc-1.25.0.jar:/root/.m2/repository/com/google/auth/google-auth-library-credentials/0.9.0/google-auth-library-credentials-0.9.0.jar:/root/.m2/repository/com/google/protobuf/protobuf-java/3.5.1/protobuf-java-3.5.1.jar:/root/.m2/repository/io/grpc/grpc-protobuf/1.10.1/grpc-protobuf-1.10.1.jar:/root/.m2/repository/io/grpc/grpc-protobuf-lite/1.10.1/grpc-protobuf-lite-1.10.1.jar:/root/.m2/repository/io/grpc/grpc-context/1.10.1/grpc-context-1.10.1.jar:/root/.m2/repository/com/google/api/gax-grpc/1.23.0/gax-grpc-1.23.0.jar:/root/.m2/repository/com/google/api/grpc/proto-google-cloud-trace-v1/0.8.0/proto-google-cloud-trace-v1-0.8.0.jar:/root/.m2/repository/com/google/api/grpc/proto-google-cloud-trace-v2/0.8.0/proto-google-cloud-trace-v2-0.8.0.jar:/root/.m2/repository/io/grpc/grpc-netty-shaded/1.10.1/grpc-netty-shaded-1.10.1.jar:/root/.m2/repository/io/grpc/grpc-core/1.10.1/grpc-core-1.10.1.jar:/root/.m2/repository/io/opencensus/opencensus-api/0.11.0/opencensus-api-0.11.0.jar:/root/.m2/repository/io/opencensus/opencensus-contrib-grpc-metrics/0.11.0/opencensus-contrib-grpc-metrics-0.11.0.jar:/root/.m2/repository/io/grpc/grpc-stub/1.10.1/grpc-stub-1.10.1.jar:/root/.m2/repository/io/grpc/grpc-auth/1.10.1/grpc-auth-1.10.1.jar:/root/.m2/repository/com/google/cloud/trace/v1/sink/0.5.0/sink-0.5.0.jar:/root/.m2/repository/com/google/cloud/trace/core/0.5.0/core-0.5.0.jar:/root/.m2/repository/com/google/cloud/trace/sdk-sink/0.5.0/sdk-sink-0.5.0.jar:/root/.m2/repository/com/google/api/gax/1.23.0/gax-1.23.0.jar:/root/.m2/repository/org/threeten/threetenbp/1.3.3/threetenbp-1.3.3.jar:/root/.m2/repository/com/google/auth/google-auth-library-oauth2-http/0.7.1/google-auth-library-oauth2-http-0.7.1.jar:/root/.m2/repository/com/google/http-client/google-http-client-jackson2/1.19.0/google-http-client-jackson2-1.19.0.jar:/root/.m2/repository/com/google/api/api-common/1.5.0/api-common-1.5.0.jar:/root/.m2/repository/org/springframework/cloud/spring-cloud-gcp-starter-logging/1.0.0.M3/spring-cloud-gcp-starter-logging-1.0.0.M3.jar:/root/.m2/repository/ch/qos/logback/contrib/logback-json-classic/0.1.5/logback-json-classic-0.1.5.jar:/root/.m2/repository/ch/qos/logback/logback-classic/1.2.3/logback-classic-1.2.3.jar:/root/.m2/repository/ch/qos/logback/logback-core/1.2.3/logback-core-1.2.3.jar:/root/.m2/repository/ch/qos/logback/contrib/logback-json-core/0.1.5/logback-json-core-0.1.5.jar:/root/.m2/repository/com/google/cloud/google-cloud-logging-logback/0.43.0-alpha/google-cloud-logging-logback-0.43.0-alpha.jar:/root/.m2/repository/com/google/cloud/google-cloud-logging/1.25.0/google-cloud-logging-1.25.0.jar:/root/.m2/repository/com/google/api/grpc/proto-google-cloud-logging-v2/0.8.0/proto-google-cloud-logging-v2-0.8.0.jar:/root/.m2/repository/com/google/guava/guava/23.0-rc1/guava-23.0-rc1.jar:/root/.m2/repository/com/google/code/findbugs/jsr305/1.3.9/jsr305-1.3.9.jar:/root/.m2/repository/com/google/errorprone/error_prone_annotations/2.0.18/error_prone_annotations-2.0.18.jar:/root/.m2/repository/com/google/j2objc/j2objc-annotations/1.1/j2objc-annotations-1.1.jar:/root/.m2/repository/org/codehaus/mojo/animal-sniffer-annotations/1.14/animal-sniffer-annotations-1.14.jar:"/>
    <property name="sun.cpu.endian" value="little"/>
    <property name="user.home" value="/root"/>
    <property name="user.language" value="en"/>
    <property name="java.specification.vendor" value="Oracle Corporation"/>
    <property name="java.home" value="/usr/lib/jvm/java-8-openjdk-amd64/jre"/>
    <property name="basedir" value="/home/jungwoonlee/stackdriver/trace-service-one"/>
    <property name="file.separator" value="/"/>
    <property name="line.separator" value="&#10;"/>
    <property name="java.vm.specification.vendor" value="Oracle Corporation"/>
    <property name="java.specification.name" value="Java Platform API Specification"/>
    <property name="java.awt.graphicsenv" value="sun.awt.X11GraphicsEnvironment"/>
    <property name="surefire.real.class.path" value="/home/jungwoonlee/stackdriver/trace-service-one/target/surefire/surefirebooter9013520123918812253.jar"/>
    <property name="sun.boot.class.path" value="/usr/lib/jvm/java-8-openjdk-amd64/jre/lib/resources.jar:/usr/lib/jvm/java-8-openjdk-amd64/jre/lib/rt.jar:/usr/lib/jvm/java-8-openjdk-amd64/jre/lib/sunrsasign.jar:/usr/lib/jvm/java-8-openjdk-amd64/jre/lib/jsse.jar:/usr/lib/jvm/java-8-openjdk-amd64/jre/lib/jce.jar:/usr/lib/jvm/java-8-openjdk-amd64/jre/lib/charsets.jar:/usr/lib/jvm/java-8-openjdk-amd64/jre/lib/jfr.jar:/usr/lib/jvm/java-8-openjdk-amd64/jre/classes"/>
    <property name="sun.management.compiler" value="HotSpot 64-Bit Tiered Compilers"/>
    <property name="java.runtime.version" value="1.8.0_171-8u171-b11-0ubuntu0.16.04.1-b11"/>
    <property name="user.name" value="root"/>
    <property name="path.separator" value=":"/>
    <property name="os.version" value="4.13.0-1015-gcp"/>
    <property name="java.endorsed.dirs" value="/usr/lib/jvm/java-8-openjdk-amd64/jre/lib/endorsed"/>
    <property name="java.runtime.name" value="OpenJDK Runtime Environment"/>
    <property name="file.encoding" value="UTF-8"/>
    <property name="java.vm.name" value="OpenJDK 64-Bit Server VM"/>
    <property name="localRepository" value="/root/.m2/repository"/>
    <property name="java.vendor.url.bug" value="http://bugreport.sun.com/bugreport/"/>
    <property name="java.io.tmpdir" value="/tmp"/>
    <property name="java.version" value="1.8.0_171"/>
    <property name="user.dir" value="/home/jungwoonlee/stackdriver/trace-service-one"/>
    <property name="os.arch" value="amd64"/>
    <property name="java.vm.specification.name" value="Java Virtual Machine Specification"/>
    <property name="java.awt.printerjob" value="sun.print.PSPrinterJob"/>
    <property name="sun.os.patch.level" value="unknown"/>
    <property name="java.library.path" value="/usr/java/packages/lib/amd64:/usr/lib/x86_64-linux-gnu/jni:/lib/x86_64-linux-gnu:/usr/lib/x86_64-linux-gnu:/usr/lib/jni:/lib:/usr/lib"/>
    <property name="java.vm.info" value="mixed mode"/>
    <property name="java.vendor" value="Oracle Corporation"/>
    <property name="java.vm.version" value="25.171-b11"/>
    <property name="java.ext.dirs" value="/usr/lib/jvm/java-8-openjdk-amd64/jre/lib/ext:/usr/java/packages/lib/ext"/>
    <property name="sun.io.unicode.encoding" value="UnicodeLittle"/>
    <property name="java.class.version" value="52.0"/>
  </properties>
  <testcase name="contextLoads" classname="com.example.demo.DemoApplicationTests" time="0.174"/>
</testsuite>